c:\university\fourth year\volumetric-rendering-framework\visualstudio15\vs2015\debug\sysdep.obj
c:\university\fourth year\volumetric-rendering-framework\visualstudio15\vs2015\debug\imgui_impl_sdl.obj
c:\university\fourth year\volumetric-rendering-framework\visualstudio15\vs2015\debug\shader.obj
c:\university\fourth year\volumetric-rendering-framework\visualstudio15\vs2015\debug\imguizmo.obj
c:\university\fourth year\volumetric-rendering-framework\visualstudio15\vs2015\debug\imgui_widgets.obj
c:\university\fourth year\volumetric-rendering-framework\visualstudio15\vs2015\debug\textparser.obj
c:\university\fourth year\volumetric-rendering-framework\visualstudio15\vs2015\debug\volume.obj
c:\university\fourth year\volumetric-rendering-framework\visualstudio15\vs2015\debug\imgui_draw.obj
c:\university\fourth year\volumetric-rendering-framework\visualstudio15\vs2015\debug\picopng.obj
c:\university\fourth year\volumetric-rendering-framework\visualstudio15\vs2015\debug\texture.obj
c:\university\fourth year\volumetric-rendering-framework\visualstudio15\vs2015\debug\imcurveedit.obj
c:\university\fourth year\volumetric-rendering-framework\visualstudio15\vs2015\debug\animation.obj
c:\university\fourth year\volumetric-rendering-framework\visualstudio15\vs2015\debug\imgui_demo.obj
c:\university\fourth year\volumetric-rendering-framework\visualstudio15\vs2015\debug\imsequencer.obj
c:\university\fourth year\volumetric-rendering-framework\visualstudio15\vs2015\debug\input.obj
c:\university\fourth year\volumetric-rendering-framework\visualstudio15\vs2015\debug\imgradient.obj
c:\university\fourth year\volumetric-rendering-framework\visualstudio15\vs2015\debug\pvmparser.obj
c:\university\fourth year\volumetric-rendering-framework\visualstudio15\vs2015\debug\rendertotexture.obj
c:\university\fourth year\volumetric-rendering-framework\visualstudio15\vs2015\debug\framework.obj
c:\university\fourth year\volumetric-rendering-framework\visualstudio15\vs2015\debug\imgui.obj
c:\university\fourth year\volumetric-rendering-framework\visualstudio15\vs2015\debug\mesh.obj
c:\university\fourth year\volumetric-rendering-framework\visualstudio15\vs2015\debug\imgui_impl_opengl3.obj
c:\university\fourth year\volumetric-rendering-framework\visualstudio15\vs2015\debug\fbo.obj
c:\university\fourth year\volumetric-rendering-framework\visualstudio15\vs2015\debug\hdre.obj
c:\university\fourth year\volumetric-rendering-framework\visualstudio15\vs2015\debug\camera.obj
c:\university\fourth year\volumetric-rendering-framework\visualstudio15\vs2015\debug\utils.obj
c:\university\fourth year\volumetric-rendering-framework\visualstudio15\vs2015\debug\main.obj
c:\university\fourth year\volumetric-rendering-framework\visualstudio15\vs2015\debug\scenenode.obj
c:\university\fourth year\volumetric-rendering-framework\visualstudio15\vs2015\debug\volumenode.obj
c:\university\fourth year\volumetric-rendering-framework\visualstudio15\vs2015\debug\application.obj
c:\university\fourth year\volumetric-rendering-framework\visualstudio15\vs2015\debug\material.obj
c:\university\fourth year\volumetric-rendering-framework\visualstudio15\vs2015\debug\vc143.idb
c:\university\fourth year\volumetric-rendering-framework\visualstudio15\vs2015\debug\vc143.pdb
c:\university\fourth year\volumetric-rendering-framework\visualstudio15\vs2015\debug\framework.tlog\cl.10088.write.1.tlog
c:\university\fourth year\volumetric-rendering-framework\visualstudio15\vs2015\debug\framework.tlog\cl.command.1.tlog
c:\university\fourth year\volumetric-rendering-framework\visualstudio15\vs2015\debug\framework.tlog\cl.read.1.tlog
